生成启动时间为 2018/11/2 23:17:43。
     1>项目“F:\Bit_File\C_code\18-work\BSTreeKV\BSTreeKV\BSTreeKV.vcxproj”在节点 2 上(Build 个目标)。
     1>ClCompile:
         D:\Program Files\vs2013\VC\bin\CL.exe /c /ZI /nologo /W3 /WX- /sdl /Od /Oy- /D _CRT_SECURE_NO_WARNINGS /D _MBCS /Gm /EHsc /RTC1 /MDd /GS /fp:precise /Zc:wchar_t /Zc:forScope /Fo"Debug\\" /Fd"Debug\vc120.pdb" /Gd /TC /analyze- /errorReport:prompt BSTreeKV.c main.c
         main.c
     1>f:\bit_file\c_code\18-work\bstreekv\bstreekv\main.c(35): warning C4047: “函数”:“ValueType”与“char [3]”的间接级别不同
     1>f:\bit_file\c_code\18-work\bstreekv\bstreekv\main.c(35): warning C4024: “BSTreeInsert”: 形参和实参 3 的类型不同
     1>f:\bit_file\c_code\18-work\bstreekv\bstreekv\main.c(36): warning C4047: “函数”:“ValueType”与“char [5]”的间接级别不同
     1>f:\bit_file\c_code\18-work\bstreekv\bstreekv\main.c(36): warning C4024: “BSTreeInsert”: 形参和实参 3 的类型不同
     1>f:\bit_file\c_code\18-work\bstreekv\bstreekv\main.c(37): warning C4047: “函数”:“ValueType”与“char [5]”的间接级别不同
     1>f:\bit_file\c_code\18-work\bstreekv\bstreekv\main.c(37): warning C4024: “BSTreeInsert”: 形参和实参 3 的类型不同
     1>f:\bit_file\c_code\18-work\bstreekv\bstreekv\main.c(38): warning C4047: “函数”:“ValueType”与“char [5]”的间接级别不同
     1>f:\bit_file\c_code\18-work\bstreekv\bstreekv\main.c(38): warning C4024: “BSTreeInsert”: 形参和实参 3 的类型不同
     1>f:\bit_file\c_code\18-work\bstreekv\bstreekv\main.c(39): warning C4047: “函数”:“ValueType”与“char [5]”的间接级别不同
     1>f:\bit_file\c_code\18-work\bstreekv\bstreekv\main.c(39): warning C4024: “BSTreeInsert”: 形参和实参 3 的类型不同
     1>f:\bit_file\c_code\18-work\bstreekv\bstreekv\main.c(40): warning C4047: “函数”:“ValueType”与“char [5]”的间接级别不同
     1>f:\bit_file\c_code\18-work\bstreekv\bstreekv\main.c(40): warning C4024: “BSTreeInsert”: 形参和实参 3 的类型不同
         BSTreeKV.c
         正在生成代码...
       Link:
         D:\Program Files\vs2013\VC\bin\link.exe /ERRORREPORT:PROMPT /OUT:"F:\Bit_File\C_code\18-work\BSTreeKV\Debug\BSTreeKV.exe" /INCREMENTAL /NOLOGO kernel32.lib user32.lib gdi32.lib winspool.lib comdlg32.lib advapi32.lib shell32.lib ole32.lib oleaut32.lib uuid.lib odbc32.lib odbccp32.lib /MANIFEST /MANIFESTUAC:"level='asInvoker' uiAccess='false'" /manifest:embed /DEBUG /PDB:"F:\Bit_File\C_code\18-work\BSTreeKV\Debug\BSTreeKV.pdb" /TLBID:1 /DYNAMICBASE /NXCOMPAT /IMPLIB:"F:\Bit_File\C_code\18-work\BSTreeKV\Debug\BSTreeKV.lib" /MACHINE:X86 Debug\BSTreeKV.obj
         Debug\main.obj
         BSTreeKV.vcxproj -> F:\Bit_File\C_code\18-work\BSTreeKV\Debug\BSTreeKV.exe
     1>已完成生成项目“F:\Bit_File\C_code\18-work\BSTreeKV\BSTreeKV\BSTreeKV.vcxproj”(Build 个目标)的操作。

生成成功。

已用时间 00:00:01.65
