f:\比特文件\18-work\bstreekv\bstreekv\debug\vc120.pdb
f:\比特文件\18-work\bstreekv\bstreekv\debug\vc120.idb
f:\比特文件\18-work\bstreekv\bstreekv\debug\bstreekv.obj
f:\比特文件\18-work\bstreekv\bstreekv\debug\main.obj
f:\比特文件\18-work\bstreekv\debug\bstreekv.ilk
f:\比特文件\18-work\bstreekv\debug\bstreekv.exe
f:\比特文件\18-work\bstreekv\debug\bstreekv.pdb
f:\bit_file\c_code\18-work\bstreekv\bstreekv\debug\bstreekv.obj
f:\bit_file\c_code\18-work\bstreekv\bstreekv\debug\main.obj
f:\bit_file\c_code\18-work\bstreekv\bstreekv\debug\vc120.idb
f:\bit_file\c_code\18-work\bstreekv\bstreekv\debug\vc120.pdb
f:\bit_file\c_code\18-work\bstreekv\debug\bstreekv.pdb
f:\bit_file\c_code\18-work\bstreekv\debug\bstreekv.exe
f:\bit_file\c_code\18-work\bstreekv\debug\bstreekv.ilk
f:\bit_file\c_code\18-work\bstreekv\bstreekv\debug\bstreekv.tlog\cl.command.1.tlog
f:\bit_file\c_code\18-work\bstreekv\bstreekv\debug\bstreekv.tlog\cl.read.1.tlog
f:\bit_file\c_code\18-work\bstreekv\bstreekv\debug\bstreekv.tlog\cl.write.1.tlog
f:\bit_file\c_code\18-work\bstreekv\bstreekv\debug\bstreekv.tlog\link.command.1.tlog
f:\bit_file\c_code\18-work\bstreekv\bstreekv\debug\bstreekv.tlog\link.read.1.tlog
f:\bit_file\c_code\18-work\bstreekv\bstreekv\debug\bstreekv.tlog\link.write.1.tlog
