f:\比特文件\18-work\work_4_19\c_day09\c_day09\debug\vc120.pdb
f:\比特文件\18-work\work_4_19\c_day09\c_day09\debug\vc120.idb
f:\比特文件\18-work\work_4_19\c_day09\c_day09\debug\排雷.obj
f:\比特文件\18-work\work_4_19\c_day09\c_day09\debug\game.obj
f:\比特文件\18-work\work_4_19\c_day09\c_day09\debug\lucky.obj
f:\bit_file\c_code\18-work\work_4_19\c_day09\c_day09\debug\vc120.pdb
f:\bit_file\c_code\18-work\work_4_19\c_day09\c_day09\debug\vc120.idb
f:\bit_file\c_code\18-work\work_4_19\c_day09\c_day09\debug\game.obj
f:\bit_file\c_code\18-work\work_4_19\c_day09\c_day09\debug\lucky.obj
f:\比特文件\18-work\work_4_19\c_day09\debug\c_day09.ilk
f:\比特文件\18-work\work_4_19\c_day09\debug\c_day09.exe
f:\比特文件\18-work\work_4_19\c_day09\debug\c_day09.pdb
f:\bit_file\c_code\18-work\work_4_19\c_day09\debug\c_day09.ilk
f:\bit_file\c_code\18-work\work_4_19\c_day09\debug\c_day09.exe
f:\bit_file\c_code\18-work\work_4_19\c_day09\debug\c_day09.pdb
f:\bit_file\c_code\18-work\work_4_19\c_day09\c_day09\debug\排雷.obj
f:\bit_file\c_code\18-work\work_4_19\c_day09\c_day09\debug\c_day09.tlog\cl.command.1.tlog
f:\bit_file\c_code\18-work\work_4_19\c_day09\c_day09\debug\c_day09.tlog\cl.read.1.tlog
f:\bit_file\c_code\18-work\work_4_19\c_day09\c_day09\debug\c_day09.tlog\cl.write.1.tlog
f:\bit_file\c_code\18-work\work_4_19\c_day09\c_day09\debug\c_day09.tlog\link.command.1.tlog
f:\bit_file\c_code\18-work\work_4_19\c_day09\c_day09\debug\c_day09.tlog\link.read.1.tlog
f:\bit_file\c_code\18-work\work_4_19\c_day09\c_day09\debug\c_day09.tlog\link.write.1.tlog
